<?xml version="1.0" encoding="UTF-8"?>
<testsuite name="followermaze.HandleMsgTest" tests="1" skipped="0" failures="0" errors="0" timestamp="2016-05-08T21:27:36" hostname="Seemas-MacBook-Air.local" time="0.003">
  <properties/>
  <testcase name="testMsg" classname="followermaze.HandleMsgTest" time="0.003"/>
  <system-out><![CDATA[]]></system-out>
  <system-err><![CDATA[]]></system-err>
</testsuite>
